
Showing logs for build [32mrajattyagipvr-jxl-master-rpg5f-18[0m stage [32mbuild-base[0m and container [32mstep-credential-initializer-xgm5f[0m
{"level":"warn","ts":1595737679.8972812,"logger":"fallback-logger","caller":"logging/config.go:69","msg":"Fetch GitHub commit ID from kodata failed: \"ref: refs/heads/0.8.0-**-support-backwards-incompats\" is not a valid GitHub commit ID"}
{"level":"info","ts":1595737679.8976486,"logger":"fallback-logger","caller":"creds-init/main.go:40","msg":"Credentials initialized."}

Showing logs for build [32mrajattyagipvr-jxl-master-rpg5f-18[0m stage [32mbuild-base[0m and container [32mstep-working-dir-initializer-j29bq[0m
{"level":"warn","ts":1595737681.1734347,"logger":"fallback-logger","caller":"logging/config.go:69","msg":"Fetch GitHub commit ID from kodata failed: open /var/run/ko/HEAD: no such file or directory"}
{"level":"info","ts":1595737681.1745474,"logger":"fallback-logger","caller":"bash/main.go:64","msg":"Successfully executed command \"sh -c mkdir -p /workspace/source\"; output "}

Showing logs for build [32mrajattyagipvr-jxl-master-rpg5f-18[0m stage [32mbuild-base[0m and container [32mstep-place-tools[0m

Showing logs for build [32mrajattyagipvr-jxl-master-rpg5f-18[0m stage [32mbuild-base[0m and container [32mstep-git-source-rajattyagipvr-jxl-master-rpg5f-f458n[0m
{"level":"warn","ts":1595737687.2594507,"logger":"fallback-logger","caller":"logging/config.go:69","msg":"Fetch GitHub commit ID from kodata failed: \"ref: refs/heads/0.8.0-**-support-backwards-incompats\" is not a valid GitHub commit ID"}
{"level":"info","ts":1595737689.943936,"logger":"fallback-logger","caller":"git/git.go:103","msg":"Successfully cloned https://github.com/*************/**l.git @ v0.0.208 in path /workspace/source"}

Showing logs for build [32mrajattyagipvr-jxl-master-rpg5f-18[0m stage [32mbuild-base[0m and container [32mstep-git-merge[0m
Using SHAs from PULL_REFS=master:db352ddc732c7796fae89c3d46111a136aa32a9b
WARNING: no SHAs to merge, falling back to initial cloned commit

Showing logs for build [32mrajattyagipvr-jxl-master-rpg5f-18[0m stage [32mbuild-base[0m and container [32mstep-build-go[0m
go mod download
go: finding github.com/*************/** v2.1.100
go: finding github.com/*************/helmboot v.0.0.91
go: errors parsing go.mod:
/workspace/source/go.mod:44: invalid module version github.com/*************/helmboot: unknown revision v.0.0.91
make: *** [linux] Error 1
[31m
Pipeline failed on stage 'build-base' : container 'step-build-go'. The execution of the pipeline has stopped.[0m
