
Showing logs for build [32mrajattyagipvr-jxl-master-dgnjp-21[0m stage [32mbuild-base[0m and container [32mstep-credential-initializer-z8b98[0m
{"level":"warn","ts":1595863848.9537764,"logger":"fallback-logger","caller":"logging/config.go:69","msg":"Fetch GitHub commit ID from kodata failed: \"ref: refs/heads/0.8.0-**-support-backwards-incompats\" is not a valid GitHub commit ID"}
{"level":"info","ts":1595863848.9542208,"logger":"fallback-logger","caller":"creds-init/main.go:40","msg":"Credentials initialized."}

Showing logs for build [32mrajattyagipvr-jxl-master-dgnjp-21[0m stage [32mbuild-base[0m and container [32mstep-working-dir-initializer-hqj5w[0m
{"level":"warn","ts":1595863849.9728441,"logger":"fallback-logger","caller":"logging/config.go:69","msg":"Fetch GitHub commit ID from kodata failed: open /var/run/ko/HEAD: no such file or directory"}
{"level":"info","ts":1595863849.9738033,"logger":"fallback-logger","caller":"bash/main.go:64","msg":"Successfully executed command \"sh -c mkdir -p /workspace/source\"; output "}

Showing logs for build [32mrajattyagipvr-jxl-master-dgnjp-21[0m stage [32mbuild-base[0m and container [32mstep-place-tools[0m

Showing logs for build [32mrajattyagipvr-jxl-master-dgnjp-21[0m stage [32mbuild-base[0m and container [32mstep-git-source-rajattyagipvr-jxl-master-dgnjp-7kchh[0m
{"level":"warn","ts":1595863950.0913124,"logger":"fallback-logger","caller":"logging/config.go:69","msg":"Fetch GitHub commit ID from kodata failed: \"ref: refs/heads/0.8.0-**-support-backwards-incompats\" is not a valid GitHub commit ID"}
{"level":"info","ts":1595863952.794153,"logger":"fallback-logger","caller":"git/git.go:103","msg":"Successfully cloned https://github.com/*************/**l.git @ v0.0.214 in path /workspace/source"}

Showing logs for build [32mrajattyagipvr-jxl-master-dgnjp-21[0m stage [32mbuild-base[0m and container [32mstep-git-merge[0m
Using SHAs from PULL_REFS=master:99d331050f0d656c12341264717a099806d3521f
WARNING: no SHAs to merge, falling back to initial cloned commit

Showing logs for build [32mrajattyagipvr-jxl-master-dgnjp-21[0m stage [32mbuild-base[0m and container [32mstep-build-go[0m
go mod download
go: finding github.com/*************/** v2.1.101
go: finding github.com/jenkins-x-labs/trigger-pipeline v0.0.4
go: finding github.com/jenkins-x/helm-unit-tester v0.0.6
go: finding github.com/jenkins-x-labs/step-go-releaser v0.0.18
go: finding github.com/pkg/errors v0.9.1
go: finding github.com/*************/helmboot v0.0.92
go: finding github.com/blang/semver v3.5.1+incompatible
go: finding github.com/stretchr/testify v1.4.0
go: finding github.com/spf13/cobra v0.0.6
go: finding github.com/jenkins-x-labs/jwizard v0.0.15
go: finding golang.org/x/xerrors v0.0.0-20190717185122-a985d3407aa7
go: finding github.com/google/go-containerregistry v0.0.0-20190317040536-ebbba8469d06
go: finding github.com/imdario/mergo v0.3.8
go: finding github.com/mattbaird/jsonpatch v0.0.0-20171005235357-81af80346b1a
go: finding github.com/shirou/w32 v0.0.0-20160930032740-bb4de0191aa4
go: finding github.com/petergtz/pegomock v2.7.0+incompatible
go: finding github.com/pkg/errors v0.8.1
go: finding github.com/iancoleman/orderedmap v0.0.0-20181121102841-22c6ecc9fe13
go: finding github.com/fatih/structs v1.1.0
go: finding golang.org/x/sync v0.0.0-20190423024810-112230192c58
go: finding k8s.io/test-infra v0.0.0-20190131093439-a22cef183a8f
go: finding github.com/go-openapi/jsonreference v0.19.2
go: finding github.com/stoewer/go-strcase v1.0.1
go: finding github.com/hashicorp/hcl v1.0.0
go: finding github.com/tektoncd/pipeline v0.8.0
go: finding github.com/spf13/viper v1.4.0
go: finding github.com/Comcast/kuberhealthy v1.0.2
go: finding github.com/knative/pkg v0.0.0-20190624141606-d82505e6c5b4
go: finding github.com/c2h5oh/datasize v0.0.0-20171227191756-4eba002a5eae
go: finding github.com/mitchellh/go-homedir v1.1.0
go: finding github.com/satori/go.uuid v1.2.1-0.20180103174451-36e9d2ebbde5
go: finding github.com/hinshun/vt10x v0.0.0-20180809195222-d55458df857c
go: finding github.com/google/go-cmp v0.3.0
go: finding github.com/pborman/uuid v1.2.0
go: finding github.com/docker/spdystream v0.0.0-20181023171402-6480d4af844c
go: finding gopkg.in/AlecAivazis/survey.v1 v1.8.3
go: finding github.com/google/btree v1.0.0
go: finding github.com/inconshreveable/mousetrap v1.0.0
go: finding golang.org/x/text v0.3.2
go: finding github.com/armon/consul-api v0.0.0-20180202201655-eb2c6b5be1b6
go: finding github.com/Jeffail/gabs v1.1.1
go: finding github.com/tmc/grpc-websocket-proxy v0.0.0-20190109142713-0ad062ec5ee5
go: finding github.com/heptio/sonobuoy v0.16.0
go: finding github.com/spf13/viper v1.3.2
go: finding go.etcd.io/bbolt v1.3.2
go: finding github.com/andygrunwald/go-jira v1.5.0
go: finding github.com/go-ole/go-ole v1.2.1
go: finding github.com/cli/cli v0.6.2
go: finding github.com/jonboulle/clockwork v0.1.0
go: finding github.com/mholt/archiver v3.1.1+incompatible
go: finding gopkg.in/inf.v0 v0.9.1
go: finding code.gitea.io/sdk v0.0.0-20180702024448-79a281c4e34a
go: finding github.com/json-iterator/go v1.1.5
go: finding github.com/antham/chyle v1.6.0
go: finding go.uber.org/zap v1.10.0
go: finding gopkg.in/src-d/go-git.v4 v4.13.1
go: finding github.com/gorilla/websocket v1.4.0
go: finding github.com/lusis/slack-test v0.0.0-20180109053238-3c758769bfa6
go: finding github.com/spf13/pflag v1.0.5
go: finding github.com/jenkins-x/** v0.0.0-20200310115539-b64ed22fb7af
go: finding github.com/vrischmann/envconfig v1.2.0
go: finding github.com/spf13/viper v1.6.2
go: finding github.com/googleapis/gnostic v0.2.0
go: finding github.com/Netflix/go-expect v0.0.0-20180814212900-124a37274874
go: finding github.com/awslabs/goformation v0.0.0-20190320125420-ac0a17860cf1
go: finding github.com/coreos/go-etcd v2.0.0+incompatible
go: finding github.com/dlclark/regexp2 v1.2.0
go: finding gocloud.dev v0.9.0
go: finding github.com/grpc-ecosystem/go-grpc-prometheus v1.2.0
go: finding github.com/mattn/go-colorable v0.1.2
go: finding github.com/sethvargo/go-password v0.1.2
go: finding github.com/jenkins-x/draft-repo v0.0.0-20180417100212-2f66cc518135
go: finding github.com/go-openapi/loads v0.19.4
go: finding golang.org/x/net v0.0.0-20190213061140-3a22650c66bd
go: finding github.com/knative/build v0.7.0
go: finding k8s.io/kube-openapi v0.0.0-20190228160746-b3a7cee44a30
go: finding gopkg.in/h2non/gock.v0 v0.1.6
go: finding github.com/pierrec/lz4 v2.0.5+incompatible
go: finding cloud.google.com/go v0.34.0
go: finding github.com/emirpasic/gods v1.12.0
go: finding github.com/evanphx/json-patch v4.5.0+incompatible
go: finding github.com/sergi/go-diff v1.0.0
go: finding github.com/prometheus/procfs v0.0.0-20181005140218-185b4288413d
go: finding gopkg.in/warnings.v0 v0.1.2
go: finding github.com/Azure/azure-storage-blob-go v0.0.0-20181023070848-cf01652132cc
go: finding github.com/kevinburke/ssh_config v0.0.0-20190630040420-2e50c441276c
go: finding gopkg.in/src-d/go-git-fixtures.v3 v3.5.0
go: finding golang.org/x/net v0.0.0-20190724013045-ca1201d0de80
go: finding github.com/go-openapi/jsonpointer v0.19.2
go: finding github.com/Azure/azure-pipeline-go v0.1.8
go: finding github.com/PuerkitoBio/urlesc v0.0.0-20170810143723-de5bf2ad4578
go: finding github.com/stretchr/ob** v0.1.0
go: finding github.com/go-yaml/yaml v2.1.0+incompatible
go: finding github.com/dsnet/compress v0.0.0-20171208185109-cc9eb1d7ad76
go: finding golang.org/x/oauth2 v0.0.0-20190604053449-0f29369cfe45
go: finding github.com/danwakefield/fnmatch v0.0.0-20160403171240-cbb64ac3d964
go: finding k8s.io/api v0.0.0-20190528110122-9ad12a4af326
go: finding golang.org/x/time v0.0.0-20190308202827-9d24e82272b4
go: finding github.com/golang/glog v0.0.0-20160126235308-23def4e6c14b
go: finding github.com/xeipuuv/gojsonpointer v0.0.0-20170225233418-6fe8760cad35
go: finding github.com/Masterminds/goutils v1.1.0
go: finding golang.org/x/sync v0.0.0-20180314180146-1d60e4601c6f
go: finding github.com/grpc-ecosystem/grpc-gateway v1.9.0
go: finding github.com/golang/mock v1.1.1
go: finding k8s.io/apimachinery v0.0.0-20190221084156-01f179d85dbc
go: finding github.com/antham/chyle v1.4.0
go: finding github.com/pkg/errors v0.8.0
go: finding github.com/integrii/flaggy v0.0.0-20190220052119-eb3cf98db853
go: finding github.com/shurcooL/githubv4 v0.0.0-20180925043049-51d7b505e2e9
go: finding github.com/spf13/pflag v1.0.3
go: finding golang.org/x/sys v0.0.0-20180606202747-9527bec2660b
go: finding github.com/smartystreets/goconvey v0.0.0-20180222194500-ef6db91d284a
go: finding github.com/smartystreets/assertions v0.0.0-20180927180507-b2de0cb4f26d
go: finding k8s.io/client-go v0.0.0-20190528110200-4f3abb12cae2
go: finding github.com/streadway/amqp v0.0.0-20181107104731-27835f1a64e9
go: finding k8s.io/kube-openapi v0.0.0-20180711000925-0cf8f7e6ed1d
go: finding github.com/denormal/go-gitignore v0.0.0-20180713143441-75ce8f3e513c
go: finding github.com/src-d/gcfg v1.3.0
go: finding github.com/TV4/logrus-stackdriver-formatter v0.1.0
go: finding github.com/wbrefvem/go-bitbucket v0.0.0-20190128183802-fc08fd046abb
go: finding github.com/google/martian v2.1.0+incompatible
go: finding github.com/rogpeppe/fastuuid v0.0.0-20150106093220-6724a57986af
go: finding github.com/spf13/cobra v0.0.0-00000000000000-c46add8a6528
go: finding github.com/jenkins-x/** v0.0.0-20200207164408-3e719ca49349
go: finding github.com/satori/go.uuid v0.0.0-20160713180306-0aa62d5ddceb
go: finding github.com/coreos/go-systemd/v22 v22.0.0
go: finding github.com/influxdata/influxdb v0.0.0-20161215172503-049f9b42e9a5
go: finding github.com/go-sql-driver/mysql v1.4.0
go: finding github.com/davecgh/go-spew v1.1.1
go: finding github.com/mitchellh/mapstructure v1.1.2
go: finding golang.org/x/sys v0.0.0-20190726091711-fc99dfbffb4e
go: finding github.com/huandu/xstrings v1.0.0
go: finding github.com/kevinburke/ssh_config v0.0.0-20180317175531-9fc7bb800b55
go: finding github.com/antham/strumt v0.0.0-20171215230529-6776189777d3
go: finding github.com/inconshreveable/mousetrap v0.0.0-20141017200713-76626ae9c91c
go: finding github.com/imdario/mergo v0.3.6
go: finding golang.org/x/tools v0.0.0-20180828015842-6cd1fcedba52
go: finding github.com/djherbis/atime v1.0.0
go: finding github.com/gopherjs/gopherjs v0.0.0-20181017120253-0766667cb4d1
go: finding github.com/deckarep/golang-set v0.0.0-20171013212420-1d4478f51bed
go: finding github.com/golang/groupcache v0.0.0-20180513044358-24b0969c4cb7
go: finding golang.org/x/tools v0.0.0-20180917221912-90fa682c2a6e
go: finding github.com/jtnord/logrus v1.4.2-0.20190423161236-606ffcaf8f5d
go: finding github.com/IBM-Cloud/bluemix-go v0.0.0-20181008063305-d718d474c7c2
go: finding golang.org/x/sys v0.0.0-20190710143415-6ec70d6a5542
go: finding github.com/Pallinder/go-randomdata v1.1.0
go: finding github.com/aokoli/goutils v1.0.1
go: finding github.com/mattn/go-colorable v0.1.6
go: finding github.com/google/go-cmp v0.2.0
go: finding github.com/dnaeon/go-vcr v1.0.1
go: finding github.com/flynn/go-shlex v0.0.0-20150515145356-3f9db97f8568
go: finding github.com/subchen/go-xmldom v1.1.2-0.20171223153236-c38add8757d0
go: finding github.com/coreos/etcd v3.3.10+incompatible
go: finding github.com/onsi/gomega v1.2.0
go: finding k8s.io/kubernetes v1.11.3
go: finding gopkg.in/yaml.v2 v2.2.1
go: finding github.com/go-openapi/swag v0.0.0-20171111214437-cf0bdb963811
go: finding github.com/Azure/azure-pipeline-go v0.0.0-20180507050906-098e490af5dc
go: finding github.com/xeipuuv/gojsonpointer v0.0.0-20180127040702-4e3ac2762d5f
go: finding gopkg.in/alecthomas/kingpin.v2 v2.2.6
go: finding gopkg.in/src-d/go-billy.v4 v4.3.1
go: finding github.com/go-openapi/spec v0.0.0-20171219195406-fa03337d7da5
go: finding github.com/bwmarrin/snowflake v0.0.0-20170221160716-02cc386c183a
go: finding google.golang.org/genproto v0.0.0-20180817151627-c66870c02cf8
go: finding github.com/ghodss/yaml v1.0.0
go: finding github.com/spf13/cobra v0.0.3
go: finding github.com/andygrunwald/go-gerrit v0.0.0-20171029143327-95b11af228a1
go: finding github.com/xeipuuv/gojsonschema v0.0.0-20181112162635-ac52e6811b56
go: finding github.com/coreos/bbolt v1.3.2
go: finding golang.org/x/sys v0.0.0-20181004145325-8469e314837c
go: finding gopkg.in/resty.v1 v1.12.0
go: finding github.com/MakeNowJust/heredoc v0.0.0-20171113091838-e9091a26100e
go: finding github.com/PuerkitoBio/purell v1.1.0
go: finding gopkg.in/src-d/go-git.v4 v4.1.1
go: finding github.com/kylelemons/godebug v1.1.0
go: finding github.com/mattn/go-isatty v0.0.2
go: finding github.com/gogo/protobuf v1.2.1
go: finding github.com/jenkins-x/** v0.0.0-20200305083540-7eafabca234c
go: finding github.com/google/go-cmp v0.3.1
go: finding github.com/go-ini/ini v1.39.0
go: finding github.com/go-openapi/analysis v0.19.5
go: finding golang.org/x/net v0.0.0-20181220203305-927f97764cc3
go: finding github.com/google/subcommands v0.0.0-20181012225330-46f0354f6315
go: finding golang.org/x/sys v0.0.0-20190616124812-15dcb6c0061f
go: finding github.com/gfleury/go-bitbucket-v1 v0.0.0-20200320173742-022f4bab9090
go: finding go.uber.org/atomic v1.4.0
go: finding github.com/google/go-querystring v0.0.0-20150414214848-547ef5ac9797
go: finding github.com/kubernetes-incubator/reference-docs v0.0.0-20190410022412-9642bd3f4de5
go: finding gopkg.in/robfig/cron.v2 v2.0.0-20150107220207-be2e0b0deed5
go: finding github.com/prometheus/client_golang v0.9.0
go: finding github.com/xordataexchange/crypt v0.0.3-0.20170626215501-b2862e3d0a77
go: finding github.com/ulikunitz/xz v0.5.6
go: finding gopkg.in/check.v1 v1.0.0-20161208181325-20d25e280405
go: finding github.com/googleapis/gnostic v0.1.0
go: finding github.com/grpc-ecosystem/grpc-gateway v1.5.1
go: finding github.com/xanzy/ssh-agent v0.2.0
go: finding github.com/knative/serving v0.7.0
go: finding github.com/jessevdk/go-flags v1.4.0
go: finding go.opencensus.io v0.17.0
go: finding github.com/hashicorp/vault v1.1.2
go: finding gopkg.in/check.v1 v0.0.0-20161208181325-20d25e280405
go: finding github.com/chromedp/chromedp v0.1.1
go: finding contrib.go.opencensus.io/exporter/stackdriver v0.6.0
go: finding github.com/rodaine/hclencoder v0.0.0-20180926060551-0680c4321930
go: finding github.com/shirou/gopsutil v0.0.0-20180901134234-eb1f1ab16f2e
go: finding github.com/gobwas/glob v0.2.3
go: finding github.com/google/uuid v1.1.0
go: finding github.com/google/wire v0.2.0
go: finding golang.org/x/time v0.0.0-20181108054448-85acf8d2951c
go: finding golang.org/x/sync v0.0.0-20181221193216-37e7f081c4d4
go: finding github.com/xlab/handysort v0.0.0-20150421192137-fb3537ed64a1
go: finding github.com/stretchr/testify v1.2.2
go: finding github.com/go-openapi/jsonpointer v0.0.0-20170102174223-779f45308c19
go: finding golang.org/x/text v0.3.0
go: finding github.com/pkg/browser v0.0.0-20170505125900-c90ca0c84f15
go: finding github.com/apache/thrift v0.0.0-20180902110319-2566ecd5d999
go: finding github.com/sanathkr/go-yaml v0.0.0-20170819195128-ed9d249f429b
go: finding github.com/fsnotify/fsnotify v1.4.7
go: finding github.com/docker/distribution v0.0.0-20170726174610-edc3ab29cdff
go: finding github.com/xeipuuv/gojsonschema v1.1.0
go: finding github.com/knative/pkg v0.0.0-20181205230426-0e41760cea1d
go: finding github.com/jinzhu/gorm v0.0.0-20170316141641-572d0a0ab1eb
go: finding github.com/mattn/go-isatty v0.0.12
go: finding golang.org/x/net v0.0.0-20190628185345-da137c7871d7
go: finding google.golang.org/grpc v1.15.0
go: finding github.com/modern-go/reflect2 v1.0.1
go: finding github.com/coreos/pkg v0.0.0-20180928190104-399ea9e2e55f
go: finding golang.org/x/sys v0.0.0-20200116001909-b77594299b42
go: finding github.com/hashicorp/errwrap v0.0.0-20141028054710-7554cd9344ce
go: finding github.com/armon/go-socks5 v0.0.0-20160902184237-e75332964ef5
go: finding github.com/mattn/go-isatty v0.0.3
go: finding github.com/aws/aws-sdk-go v1.24.0
go: finding github.com/coreos/go-semver v0.2.0
go: finding github.com/opencontainers/go-digest v1.0.0-rc1
go: finding golang.org/x/sys v0.0.0-20180830151530-49385e6e1522
go: finding github.com/godbus/dbus/v5 v5.0.3
go: finding github.com/Microsoft/go-winio v0.4.6
go: finding github.com/kballard/go-shellquote v0.0.0-20180428030007-95032a82bc51
go: finding github.com/ugorji/go v1.1.4
go: finding github.com/beevik/etree v1.0.1
go: finding github.com/mattn/go-colorable v0.0.8
go: finding github.com/antham/envh v1.2.0
go: finding go.uber.org/multierr v1.1.0
go: finding github.com/antham/envh v1.3.0
go: finding github.com/mattn/go-colorable v0.0.9
go: finding gopkg.in/yaml.v3 v3.0.0-20200121175148-a6ecf24a6d71
go: finding vbom.ml/util v0.0.0-20170409195630-256737ac55c4
go: finding github.com/peterbourgon/diskv v0.0.0-20171120014656-2973218375c3
go: finding github.com/go-sql-driver/mysql v0.0.0-20160411075031-7ebe0a500653
go: finding google.golang.org/api v0.0.0-20180910000450-7ca32eb868bf
go: finding sigs.k8s.io/yaml v1.1.0
go: finding github.com/antham/strumt/v2 v2.0.1
go: finding golang.org/x/sys v0.0.0-20180909124046-d0be0721c37e
go: finding github.com/knative/build v0.2.0
go: finding github.com/xi2/xz v0.0.0-20171230120015-48954b6210f8
go: finding github.com/Netflix/go-expect v0.0.0-20180615182759-c93bf25de8e8
go: finding github.com/gogo/protobuf v1.1.1
go: finding github.com/xiang90/probing v0.0.0-20190116061207-43a291ad63a2
go: finding google.golang.org/appengine v1.2.0
go: finding golang.org/x/crypto v0.0.0-20190308221718-c2843e01d9a2
go: finding github.com/alecthomas/jsonschema v0.0.0-20190504002508-159cbd5dba26
go: finding github.com/Masterminds/semver v1.4.2
go: finding google.golang.org/grpc v1.19.0
go: finding github.com/openzipkin/zipkin-go v0.1.1
go: finding github.com/stretchr/testify v1.2.1
go: finding cloud.google.com/go v0.26.0
go: finding github.com/emirpasic/gods v1.9.0
go: finding github.com/docker/go-units v0.3.2
go: finding github.com/PuerkitoBio/purell v1.1.1
go: finding contrib.go.opencensus.io/integrations/ocsql v0.1.2
go: finding golang.org/x/tools v0.0.0-20190114222345-bf090417da8b
go: finding gopkg.in/yaml.v2 v2.2.8
go: finding github.com/golang/protobuf v1.3.2
go: finding github.com/prometheus/procfs v0.0.0-20180725123919-05ee40e3a273
go: finding github.com/google/btree v0.0.0-20180813153112-4030bb1f1f0c
go: finding k8s.io/helm v2.7.2+incompatible
go: finding github.com/acarl005/stripansi v0.0.0-20180116102854-5a71ef0e047d
go: finding github.com/russross/blackfriday v1.5.2
go: finding github.com/fsouza/fake-gcs-server v0.0.0-20180612165233-e85be23bdaa8
go: finding github.com/cpuguy83/go-md2man/v2 v2.0.0
go: finding k8s.io/klog v0.2.0
go: finding github.com/golang/groupcache v0.0.0-20190129154638-5b532d6fd5ef
go: finding github.com/go-openapi/strfmt v0.19.3
go: finding github.com/hashicorp/go-version v1.2.0
go: finding github.com/denisenkom/go-mssqldb v0.0.0-20190111225525-2fea367d496d
go: finding github.com/alexflint/go-filemutex v0.0.0-20171028004239-d358565f3c3f
go: finding github.com/kisielk/gotool v1.0.0
go: finding gopkg.in/pipe.v2 v2.0.0-20140414041502-3c2ca4d52544
go: finding golang.org/x/net v0.0.0-20200219183655-46282727080f
go: finding github.com/Azure/azure-sdk-for-go v21.1.0+incompatible
go: finding google.golang.org/genproto v0.0.0-20181016170114-94acd270e44e
go: finding github.com/sanathkr/yaml v0.0.0-20170819201035-0056894fa522
go: finding github.com/golang/groupcache v0.0.0-20180924190550-6f2cf27854a4
go: finding github.com/tidwall/gjson v1.1.0
go: finding github.com/jbrukh/bayesian v0.0.0-20161210175230-bf3f261f9a9c
go: finding github.com/google/go-github v0.0.0-20170604030111-7a51fb928f52
go: finding k8s.io/metrics v0.0.0-20181128195641-3954d62a524d
go: finding github.com/bazelbuild/buildtools v0.0.0-20180226164855-80c7f0d45d7e
go: finding github.com/googleapis/gax-go v2.0.0+incompatible
go: finding gopkg.in/src-d/go-billy.v4 v4.3.2
go: finding github.com/briandowns/spinner v1.7.0
go: finding golang.org/x/net v0.0.0-20180724234803-3673e40ba225
go: finding github.com/lusis/go-slackbot v0.0.0-20180109053408-401027ccfef5
go: finding honnef.co/go/tools v0.0.0-20190102054323-c2f93a96b099
go: finding github.com/pelletier/go-buffruneio v0.2.0
go: finding github.com/onsi/gomega v1.4.3
go: finding github.com/google/uuid v1.0.0
go: finding github.com/kr/pretty v0.1.0
go: finding google.golang.org/grpc v1.14.0
go: finding github.com/briandowns/spinner v1.9.0
go: finding github.com/golang/lint v0.0.0-20180702182130-06c8688daad7
go: finding github.com/jmespath/go-jmespath v0.0.0-20180206201540-c2b33e8439af
go: finding github.com/alecthomas/units v0.0.0-20190924025748-f65c72e2690d
go: finding github.com/russross/blackfriday/v2 v2.0.1
go: finding github.com/Masterminds/semver v1.3.1
go: finding github.com/AlecAivazis/survey/v2 v2.0.7
go: finding github.com/prometheus/client_golang v0.8.0
go: finding github.com/onsi/ginkgo v1.7.0
go: finding golang.org/x/text v0.0.0-20170814122439-e56139fd9c5b
go: finding github.com/prometheus/client_model v0.0.0-20180712105110-5c3871d89910
go: finding golang.org/x/sys v0.0.0-20200223170610-d5e6a3e2c0ae
go: finding golang.org/x/crypto v0.0.0-20190701094942-4def268fd1a4
go: finding github.com/chromedp/cdproto v0.0.0-20180703215205-c125a34ea3b3
go: finding github.com/stretchr/testify v1.3.0
go: finding github.com/BurntSushi/toml v0.3.0
go: finding go.mongodb.org/mongo-driver v1.0.3
go: finding github.com/BurntSushi/toml v0.3.1
go: finding golang.org/x/crypto v0.0.0-20181015023909-0c41d7ab0a0e
go: finding github.com/henvic/httpretty v0.0.4
go: finding github.com/kisielk/errcheck v1.1.0
go: finding github.com/hashicorp/go-version v1.1.0
go: finding github.com/kr/pty v1.1.4
go: finding github.com/nwaples/rardecode v1.0.0
go: finding github.com/jenkins-x/go-scm v1.5.76
go: finding github.com/hashicorp/golang-lru v0.0.0-20180201235237-0fb14efe8c47
go: finding github.com/gorilla/websocket v1.2.0
go: finding google.golang.org/appengine v1.1.0
go: finding gopkg.in/src-d/go-git-fixtures.v3 v3.3.0
go: finding github.com/soheilhy/cmux v0.1.4
go: finding github.com/gophercloud/gophercloud v0.0.0-20181215224939-bdd8b1ecd793
go: finding github.com/gorilla/mux v1.6.2
go: finding github.com/tmc/grpc-websocket-proxy v0.0.0-20171017195756-830351dc03c6
go: finding github.com/stretchr/ob** v0.1.1
go: finding github.com/tidwall/match v0.0.0-20171002075945-1731857f09b1
go: finding golang.org/x/tools v0.0.0-20180221164845-07fd8470d635
go: finding github.com/fatih/color v1.7.0
go: finding github.com/beorn7/perks v0.0.0-20180321164747-3a771d992973
go: finding github.com/gorilla/sessions v1.1.3
go: finding go.uber.org/atomic v1.3.2
go: finding github.com/trivago/tgo v1.0.1
go: finding github.com/aws/aws-sdk-go v1.16.18
go: finding github.com/anmitsu/go-shlex v0.0.0-20161002113705-648efa622239
go: finding github.com/spf13/afero v1.1.2
go: finding github.com/go-openapi/errors v0.19.2
go: finding github.com/jtolds/gls v4.2.1+incompatible
go: finding github.com/prometheus/common v0.0.0-20181015124227-bcb74de08d37
go: finding github.com/pmezard/go-difflib v1.0.0
go: finding github.com/gregjones/httpcache v0.0.0-20160524185540-16db777d8ebe
go: finding github.com/xanzy/go-gitlab v0.22.1
go: finding golang.org/x/oauth2 v0.0.0-20181017192945-9dcd33a902f4
go: finding golang.org/x/crypto v0.0.0-20181203042331-505ab145d0a9
go: finding golang.org/x/sys v0.0.0-20190530182044-ad28b68e88f1
go: finding github.com/google/go-cmp v0.4.0
go: finding google.golang.org/api v0.0.0-20181021000519-a2651947f503
go: finding github.com/nbio/st v0.0.0-20140626010706-e9e8d9816f32
go: finding golang.org/x/sys v0.0.0-20190215142949-d0b11bdaac8a
go: finding github.com/banzaicloud/bank-vaults v0.0.0-20190508130850-5673d28c46bd
go: finding github.com/rollout/rox-go v0.0.0-20181220111955-29ddae74a8c4
go: finding golang.org/x/crypto v0.0.0-20190123085648-057139ce5d2b
go: finding github.com/aws/aws-sdk-go v1.15.57
go: finding gopkg.in/yaml.v2 v2.0.0-20170812160011-eb3733d160e7
go: finding contrib.go.opencensus.io/exporter/aws v0.0.0-20180906190126-dd54a7ef511e
go: finding github.com/xeipuuv/gojsonreference v0.0.0-20150808065054-e02fc20de94c
go: finding github.com/andygrunwald/go-gerrit v0.0.0-20181026193842-43cfd7a94eb4
go: finding go.opencensus.io v0.22.2
go: finding github.com/src-d/gcfg v1.4.0
go: finding golang.org/x/sync v0.0.0-20181108010431-42b317875d0f
go: finding github.com/huandu/xstrings v1.2.0
go: finding golang.org/x/sys v0.0.0-20181205085412-a5c9d58dba9a
go: finding github.com/onsi/ginkgo v1.6.0
go: finding golang.org/x/xerrors v0.0.0-20191204190536-9bdfabe68543
go: finding github.com/xeipuuv/gojsonreference v0.0.0-20180127040603-bd5ef7bd5415
go: finding github.com/mattn/go-isatty v0.0.8
go: finding github.com/markbates/inflect v1.0.4
go: finding github.com/Azure/go-autorest v10.14.0+incompatible
go: finding github.com/gregjones/httpcache v0.0.0-20190212212710-3befbb6ad0cc
go: finding github.com/imdario/mergo v0.0.0-20180119215619-163f41321a19
go: finding golang.org/x/net v0.0.0-20190108225652-1e06a53dbb7e
go: finding github.com/alecthomas/template v0.0.0-20190718012654-fb15b899a751
go: finding github.com/go-openapi/jsonpointer v0.19.3
go: finding github.com/codeship/codeship-go v0.0.0-20180717142545-7793ca823354
go: finding golang.org/x/net v0.0.0-20190404232315-eb5bcb51f2a3
go: finding github.com/hinshun/vt10x v0.0.0-20180616224451-1954e6464174
go: finding gopkg.in/ini.v1 v1.39.0
go: finding github.com/kr/pty v1.1.8
go: finding golang.org/x/net v0.0.0-20180826012351-8a410e7b638d
go: finding github.com/knq/sysutil v0.0.0-20180306023629-0218e141a794
go: finding github.com/lib/pq v1.0.0
go: finding github.com/go-openapi/loads v0.19.0
go: finding golang.org/x/lint v0.0.0-20180702182130-06c8688daad7
go: finding github.com/jpillora/backoff v0.0.0-20180909062703-3050d21c67d7
go: finding cloud.google.com/go v0.30.0
go: finding google.golang.org/api v0.0.0-20181017004218-3f6e8463aa1d
go: finding golang.org/x/time v0.0.0-20180412165947-fbb02b2291d2
go: finding golang.org/x/net v0.0.0-20190522155817-f3200d17e092
go: finding github.com/spf13/cobra v0.0.2
go: finding github.com/kr/pty v1.1.1
go: finding github.com/mattn/go-zglob v0.0.0-20180607075734-49693fbb3fe3
go: finding github.com/xanzy/ssh-agent v0.2.1
go: finding github.com/shurcooL/graphql v0.0.0-20181231061246-d48a9a75455f
go: finding go.opencensus.io v0.15.0
go: finding gopkg.in/ini.v1 v1.42.0
go: finding github.com/kr/text v0.1.0
go: finding go.uber.org/zap v1.9.1
go: finding github.com/evanphx/json-patch v4.1.0+incompatible
go: finding github.com/gobuffalo/envy v1.6.5
go: finding github.com/jenkins-x/golang-jenkins v0.0.0-20180919102630-65b83ad42314
go: finding github.com/mailru/easyjson v0.0.0-20171120080333-32fa128f234d
go: finding github.com/mailru/easyjson v0.0.0-20180823135443-60711f1a8329
go: finding google.golang.org/genproto v0.0.0-20180831171423-11092d34479b
go: finding github.com/go-openapi/analysis v0.0.0-20180825180245-b006789cd277
go: finding golang.org/x/net v0.0.0-20170809000501-1c05540f6879
go: finding github.com/gorilla/context v1.1.1
go: finding gopkg.in/cenkalti/backoff.v1 v1.1.0
go: finding k8s.io/apiextensions-apiserver v0.0.0-20190528110544-fa58353d80f3
go: finding golang.org/x/sys v0.0.0-20180905080454-ebe1bf3edb33
go: finding github.com/asaskevich/govalidator v0.0.0-20190424111038-f61b66f89f4a
go: finding github.com/StackExchange/wmi v0.0.0-20180116203802-5d049714c4a6
go: finding github.com/hashicorp/golang-lru v0.5.0
go: finding github.com/prometheus/client_golang v0.9.2
go: finding github.com/dimchansky/utfbom v1.1.0
go: finding github.com/creack/pty v1.1.7
go: finding github.com/erikstmartin/go-testdb v0.0.0-20160219214506-8d10e4a1bae5
go: finding golang.org/x/oauth2 v0.0.0-20190220154721-9b3c75971fc9
go: finding github.com/gopherjs/gopherjs v0.0.0-20181103185306-d547d1d9531e
go: finding github.com/google/go-github v17.0.0+incompatible
go: finding github.com/globalsign/mgo v0.0.0-20180905125535-1ca0a4f7cbcb
go: finding github.com/docker/docker v0.0.0-20171206114025-5e5fadb3c020
go: finding github.com/jinzhu/now v0.0.0-20180511015916-ed742868f2ae
go: finding github.com/qor/inflection v0.0.0-20180308033659-04140366298a
go: finding github.com/hpcloud/tail v1.0.0
go: finding github.com/operator-framework/operator-sdk v0.6.0
go: finding github.com/davecgh/go-spew v1.1.0
go: finding github.com/go-openapi/swag v0.19.2
go: finding google.golang.org/grpc v1.20.1
go: finding github.com/shurcooL/sanitized_anchor_name v1.0.0
go: finding github.com/rollout/sse v0.0.0-20181105093643-e422b54b3b28
go: finding github.com/hashicorp/go-sockaddr v1.0.0
go: finding github.com/gregjones/httpcache v0.0.0-20181110185634-c63ab54fda8f
go: finding github.com/mgutz/ansi v0.0.0-20170206155736-9520e82c474b
go: finding sigs.k8s.io/controller-runtime v0.1.9
go: finding golang.org/x/sys v0.0.0-20190221075227-b4e8571b14e0
go: finding gopkg.in/h2non/gock.v0 v0.0.0-20160419120746-1baf36abac00
go: finding github.com/go-errors/errors v1.0.1
go: finding github.com/gfleury/go-bitbucket-v1 v0.0.0-20190216152406-3a732135aa4d
go: finding github.com/stretchr/ob** v0.2.0
go: finding gopkg.in/go-playground/validator.v8 v8.18.2
go: finding github.com/jinzhu/now v0.0.0-20181116074157-8ec929ed50c3
go: finding go.opencensus.io v0.18.0
go: finding github.com/fatih/color v1.5.0
go: finding golang.org/x/net v0.0.0-20181005035420-146acd28ed58
go: finding github.com/prometheus/common v0.0.0-20181126121408-4724e9255275
go: finding github.com/go-openapi/jsonreference v0.0.0-20161105162150-36d33bfe519e
go: finding github.com/mailru/easyjson v0.0.0-20180606163543-3fdea8d05856
go: finding github.com/hashicorp/go-rootcerts v1.0.0
go: finding go.mongodb.org/mongo-driver v1.1.1
go: finding k8s.io/code-generator v0.0.0-20190416052311-01a054e913a9
go: finding golang.org/x/tools v0.0.0-20181017214349-06f26fdaaa28
go: finding github.com/xiang90/probing v0.0.0-20160813154853-07dd2e8dfe18
go: finding github.com/qor/qor v0.0.0-20180518090926-f171bc73933e
go: finding github.com/joho/godotenv v1.3.0
go: finding github.com/go-logr/zapr v0.1.0
go: finding github.com/tidwall/pretty v1.0.0
go: finding github.com/Azure/draft v0.15.0
go: finding github.com/mattn/go-runewidth v0.0.8
go: finding github.com/dgrijalva/jwt-go v3.2.0+incompatible
go: finding github.com/mailru/easyjson v0.0.0-20190626092158-b2ccc519800e
go: finding github.com/google/go-querystring v1.0.0
go: finding github.com/go-openapi/jsonreference v0.17.0
go: finding golang.org/x/net v0.0.0-20181017193950-04a2e542c03f
go: finding github.com/go-openapi/strfmt v0.17.0
go: finding google.golang.org/genproto v0.0.0-20190425155659-357c62f0e4bb
go: finding github.com/nlopes/slack v0.0.0-20180721202243-347a74b1ea30
go: finding github.com/slok/kubewebhook v0.2.0
go: finding github.com/coreos/bbolt v1.3.1-coreos.6
go: finding github.com/GoogleCloudPlatform/cloudsql-proxy v0.0.0-20181009230506-ac834ce67862
go: finding github.com/jenkins-x/** v0.0.0-20200406060952-65b6c7cada5e
go: finding github.com/aliyun/alibaba-cloud-sdk-go v0.0.0-20190308093441-53f19b3c6bee
go: finding gopkg.in/yaml.v2 v2.2.4
go: finding golang.org/x/sys v0.0.0-20181107165924-66b7b1311ac8
go: finding github.com/rickar/props v0.0.0-20170718221555-0b06aeb2f037
go: finding github.com/viniciuschiele/tarx v0.0.0-20151205142357-6e3da540444d
go: finding github.com/coreos/prometheus-operator v0.29.0
go: finding golang.org/x/tools v0.0.0-20190226205152-f727befe758c
go: finding github.com/imdario/mergo v0.3.4
go: finding golang.org/x/crypto v0.0.0-20190219172222-a4c6cb3142f2
go: finding github.com/denisenkom/go-mssqldb v0.0.0-20190204142019-df6d76eb9289
go: finding golang.org/x/net v0.0.0-20190620200207-3b0461eec859
go: finding golang.org/x/net v0.0.0-20181108082009-03003ca0c849
go: finding gopkg.in/check.v1 v1.0.0-20180628173108-788fd7840127
go: finding golang.org/x/net v0.0.0-20180906233101-161cd47e91fd
go: finding github.com/shurcooL/githubv4 v0.0.0-20190718010115-4ba037080260
go: finding github.com/satori/go.uuid v1.2.0
go: finding github.com/google/gofuzz v0.0.0-20170612174753-24818f796faf
go: finding gopkg.in/fsnotify.v1 v1.4.7
go: finding gopkg.in/src-d/go-billy.v4 v4.2.0
go: finding k8s.io/gengo v0.0.0-20190116091435-f8a0810f38af
go: finding github.com/coreos/etcd v3.2.13+incompatible
go: finding github.com/cockroachdb/cmux v0.0.0-20170110192607-30d10be49292
go: finding gopkg.in/yaml.v2 v2.2.2
go: finding gopkg.in/gemnasium/logrus-airbrake-hook.v2 v2.1.2
go: finding github.com/magiconair/properties v1.8.1
go: finding github.com/gorilla/securecookie v1.1.1
go: finding github.com/ryanuber/go-glob v0.0.0-20160226084822-572520ed46db
go: finding github.com/prometheus/procfs v0.0.0-20180920065004-418d78d0b9a7
go: finding github.com/gin-gonic/gin v0.0.0-20180512030042-bf7803815b0b
go: finding golang.org/x/oauth2 v0.0.0-20181106182150-f42d05182288
go: finding github.com/go-openapi/jsonpointer v0.17.0
go: finding github.com/spf13/jwalterweatherman v1.0.0
go: finding github.com/docker/go-connections v0.3.0
go: finding golang.org/x/tools v0.0.0-20190729092621-ff9f1409240a
go: finding github.com/codahale/hdrhistogram v0.0.0-20161010025455-3a0bb77429bd
go: finding github.com/spf13/cobra v0.0.5
go: finding google.golang.org/appengine v1.4.0
go: finding gopkg.in/go-playground/assert.v1 v1.2.1
go: finding gopkg.in/ini.v1 v1.51.0
go: finding contrib.go.opencensus.io/exporter/ocagent v0.2.0
go: finding github.com/prometheus/client_golang v0.9.3
go: finding google.golang.org/grpc v1.21.0
go: finding github.com/go-openapi/spec v0.19.0
go: finding github.com/mattn/go-sqlite3 v1.10.0
go: finding golang.org/x/sys v0.0.0-20180903190138-2b024373dcd9
go: finding github.com/kevinburke/ssh_config v0.0.0-20190725054713-01f96b0aa0cd
go: finding golang.org/x/sys v0.0.0-20170814044513-c84c1ab9fd18
go: finding github.com/golang/snappy v0.0.0-20170215233205-553a64147049
go: finding github.com/jinzhu/gorm v1.9.1
go: finding github.com/subosito/gotenv v1.2.0
go: finding golang.org/x/net v0.0.0-20181201002055-351d144fa1fc
go: finding github.com/gliderlabs/ssh v0.2.2
go: finding golang.org/x/lint v0.0.0-20190313153728-d0100b6bd8b3
go: finding github.com/chromedp/cdproto v0.0.0-20180720050708-57cf4773008d
go: finding github.com/golang/groupcache v0.0.0-20181024230925-c65c006176ff
go: finding github.com/spf13/cast v1.2.0
go: finding golang.org/x/tools v0.0.0-20190311212946-11955173bddd
go: finding github.com/onsi/ginkgo v1.5.0
go: finding github.com/imdario/mergo v0.3.7
go: finding gopkg.in/airbrake/gobrake.v2 v2.0.9
go: finding knative.dev/pkg v0.0.0-20191217184203-cf220a867b3d
go: finding github.com/disintegration/imaging v1.4.2
go: finding github.com/opentracing/opentracing-go v1.0.2
go: finding github.com/golang/protobuf v1.2.0
go: finding github.com/appscode/jsonpatch v0.0.0-20190108182946-7c0e3b262f30
go: finding github.com/ugorji/go/codec v0.0.0-20181204163529-d75b2dcb6bc8
go: finding github.com/smartystreets/goconvey v0.0.0-20190306220146-200a235640ff
go: finding golang.org/x/crypto v0.0.0-20200219234226-1ad67e1f0ef4
go: finding github.com/h2non/gock v1.0.9
go: finding github.com/baiyubin/aliyun-sts-go-sdk v0.0.0-20180326062324-cfa1a18b161f
go: finding golang.org/x/exp v0.0.0-20190121172915-509febef88a4
go: finding github.com/konsorten/go-windows-terminal-sequences v1.0.2
go: finding github.com/jetstack/cert-manager v0.5.2
go: finding github.com/matttproud/golang_protobuf_extensions v1.0.1
go: finding golang.org/x/sys v0.0.0-20181011152604-fa43e7bc11ba
go: finding github.com/go-openapi/spec v0.17.0
go: finding github.com/google/uuid v0.0.0-20171113160352-8c31c18f31ed
go: finding github.com/jmespath/go-jmespath v0.0.0-20160202185014-0b12d6b521d8
go: finding github.com/prometheus/client_golang v0.9.0-pre1.0.20180924113449-f69c853d21c1
go: finding github.com/go-logfmt/logfmt v0.4.0
go: finding github.com/alcortesm/tgz v0.0.0-20161220082320-9c5fe88206d7
go: finding github.com/spf13/pflag v0.0.0-20170508184408-e57e3eeb33f7
go: finding gopkg.in/src-d/go-git.v4 v4.5.0
go: finding golang.org/x/net v0.0.0-20181102091132-c10e9556a7bc
go: finding github.com/uber/jaeger-client-go v2.14.0+incompatible
go: finding github.com/pelletier/go-toml v1.2.0
go: finding github.com/go-openapi/swag v0.17.0
go: finding github.com/magiconair/properties v1.8.0
go: finding google.golang.org/appengine v1.3.0
go: finding github.com/beorn7/perks v1.0.0
go: finding github.com/tidwall/gjson v1.3.2
go: finding github.com/hashicorp/go-sockaddr v1.0.2
go: finding github.com/uber/jaeger-lib v1.5.0
go: finding gopkg.in/tomb.v1 v1.0.0-20141024135613-dd632973f1e7
go: finding github.com/Masterminds/sprig v2.21.0+incompatible
go: finding github.com/prometheus/common v0.0.0-20180801064454-c7de2306084e
go: finding github.com/aws/aws-sdk-go v1.15.27
go: finding github.com/grpc-ecosystem/go-grpc-middleware v1.0.0
go: finding golang.org/x/sys v0.0.0-20190412213103-97732733099d
go: finding contrib.go.opencensus.io/exporter/stackdriver v0.9.1
go: finding github.com/pborman/uuid v0.0.0-20180906182336-adf5a7427709
go: finding github.com/gliderlabs/ssh v0.1.1
go: finding github.com/hashicorp/go-cleanhttp v0.5.1
go: finding github.com/Masterminds/sprig v0.0.0-20180403013413-6b2a58267f6a
go: finding github.com/go-openapi/swag v0.19.5
go: finding github.com/gin-contrib/sse v0.0.0-20170109093832-22d885f9ecc7
go: finding github.com/mitchellh/cli v1.0.0
go: finding github.com/emicklei/go-restful v2.9.3+incompatible
go: finding github.com/gosimple/slug v1.1.1
go: finding github.com/prometheus/tsdb v0.7.1
go: finding github.com/aws/aws-k8s-tester v0.0.0-20190114231546-b411acf57dfe
go: finding github.com/go-ini/ini v1.34.0
go: finding golang.org/x/sys v0.0.0-20190502145724-3ef323f4f1fd
go: finding golang.org/x/tools v0.0.0-20190328211700-ab21143f2384
go: finding github.com/konsorten/go-windows-terminal-sequences v1.0.1
go: finding golang.org/x/crypto v0.0.0-20190530122614-20be4c3c3ed5
go: finding golang.org/x/sync v0.0.0-20190227155943-e225da77a7e6
go: finding github.com/census-instrumentation/opencensus-proto v0.1.0
go: finding github.com/kr/logfmt v0.0.0-20140226030751-b84e30acd515
go: finding gonum.org/v1/gonum v0.0.0-20190331200053-3d26580ed485
go: finding github.com/Masterminds/sprig v2.15.0+incompatible
go: finding github.com/evanphx/json-patch v4.0.0+incompatible
go: finding github.com/mattn/go-sqlite3 v0.0.0-20160514122348-38ee283dabf1
go: finding github.com/hashicorp/go-version v1.0.0
go: finding golang.org/x/net v0.0.0-20190613194153-d28f0bde5980
go: finding github.com/prometheus/client_model v0.0.0-20190129233127-fd36f4220a90
go: finding github.com/grpc-ecosystem/grpc-gateway v1.5.0
go: finding github.com/prometheus/procfs v0.0.0-20181204211112-1dc9a6cbc91a
go: finding github.com/ryanuber/columnize v2.1.0+incompatible
go: finding github.com/alecthomas/units v0.0.0-20151022065526-2efee857e7cf
go: finding github.com/jinzhu/inflection v0.0.0-20180308033659-04140366298a
go: finding github.com/bgentry/speakeasy v0.1.0
go: finding github.com/elazarl/goproxy v0.0.0-20181111060418-2ce16c963a8a
go: finding github.com/rainycape/unidecode v0.0.0-20150907023854-cb7f23ec59be
go: finding golang.org/x/sys v0.0.0-20180823144017-11551d06cbcc
go: finding github.com/jbenet/go-context v0.0.0-20150711004518-d14ea06fba99
go: finding github.com/tidwall/match v1.0.1
go: finding google.golang.org/grpc v1.12.0
go: finding gonum.org/v1/netlib v0.0.0-20190331212654-76723241ea4e
go: finding golang.org/x/net v0.0.0-20180921000356-2f5d2388922f
go: finding github.com/dustin/go-humanize v1.0.0
go: finding github.com/golang/groupcache v0.0.0-20190702054246-869f871628b6
go: finding github.com/client9/misspell v0.3.4
go: finding github.com/asaskevich/govalidator v0.0.0-20180720115003-f9ffefc3facf
go: finding google.golang.org/genproto v0.0.0-20180601223552-81158efcc9f2
go: finding golang.org/x/oauth2 v0.0.0-20180603041954-1e0a3fa8ba9a
go: finding golang.org/x/lint v0.0.0-20190227174305-5b3e6a55c961
go: finding google.golang.org/appengine v1.0.0
go: finding github.com/opencontainers/image-spec v1.0.1
go: finding sigs.k8s.io/testing_frameworks v0.1.1
go: finding github.com/go-logr/logr v0.1.0
go: finding golang.org/x/net v0.0.0-20180530234432-1e491301e022
go: finding github.com/charmbracelet/glamour v0.1.1-0.20200304134224-7e5c90143acc
go: finding golang.org/x/lint v0.0.0-20181026193005-c67002cb31c3
go: finding github.com/mitchellh/ioprogress v0.0.0-20180201004757-6a23b12fa88e
go: finding github.com/cpuguy83/go-md2man v1.0.10
go: finding github.com/google/uuid v1.1.1
go: finding github.com/gogo/protobuf v0.0.0-20171007142547-342cbe0a0415
go: finding github.com/go-sql-driver/mysql v1.4.1
go: finding github.com/cenkalti/backoff v2.1.1+incompatible
go: finding github.com/appscode/jsonpatch v0.0.0-20180911074601-5af499cf01c8
go: finding github.com/prometheus/procfs v0.0.0-20190507164030-5867b95ac084
go: finding github.com/golang/protobuf v1.1.0
go: finding k8s.io/gengo v0.0.0-20190327210449-e17681d19d3a
go: finding github.com/uber-go/atomic v1.3.2
go: finding github.com/hashicorp/go-multierror v1.0.0
go: finding github.com/mitchellh/go-homedir v1.0.0
go: finding github.com/go-openapi/spec v0.19.3
go: finding github.com/NYTimes/gziphandler v0.0.0-20160419202541-63027b26b87e
go: finding modernc.org/xc v1.0.0
go: finding github.com/mailru/easyjson v0.0.0-20190614124828-94de47d64c63
go: finding github.com/microcosm-cc/bluemonday v0.0.0-20180327211928-995366fdf961
go: finding github.com/armon/go-radix v0.0.0-20180808171621-7fddfc383310
go: finding github.com/oklog/ulid v1.3.1
go: finding golang.org/x/sys v0.0.0-20190222072716-a9d3bda3a223
go: finding github.com/spf13/viper v1.2.1
go: finding github.com/hashicorp/errwrap v1.0.0
go: finding github.com/remyoudompheng/bigfft v0.0.0-20170806203942-52369c62f446
go: finding github.com/olekukonko/tablewriter v0.0.4
go: finding golang.org/x/tools v0.0.0-20190614205625-5aca471b1d59
go: finding golang.org/x/crypto v0.0.0-20190611184440-5c40567a22f8
go: finding github.com/golang/protobuf v1.3.1
go: finding github.com/go-kit/kit v0.8.0
go: finding github.com/aliyun/aliyun-oss-go-sdk v0.0.0-20171213061034-52de7239022c
go: finding github.com/prometheus/common v0.0.0-20181113130724-41aa239b4cce
go: finding github.com/jinzhu/inflection v0.0.0-20151009084129-3272df6c21d0
go: finding gonum.org/v1/netlib v0.0.0-20190313105609-8cb42192e0e0
go: finding github.com/spf13/pflag v1.0.2
go: finding github.com/yuin/goldmark v1.1.24
go: finding github.com/alecthomas/chroma v0.7.2-0.20200304075647-34d9c7143bf5
go: finding github.com/antchfx/xpath v1.1.5
go: finding golang.org/x/sys v0.0.0-20180906133057-8cf3aee42992
go: finding github.com/go-stack/stack v1.8.0
go: finding modernc.org/mathutil v1.0.0
go: finding github.com/knative/build v0.1.2
go: finding golang.org/x/image v0.0.0-20180628062038-cc896f830ced
go: finding github.com/posener/complete v1.1.1
go: finding github.com/prometheus/client_golang v0.9.1
go: finding github.com/Azure/azure-storage-blob-go v0.0.0-20180507052152-66ba96e49ebb
go: finding github.com/hashicorp/go-multierror v0.0.0-20171204182908-b7773ae21874
go: finding github.com/alecthomas/template v0.0.0-20160405071501-a0175ee3bccc
go: finding golang.org/x/net v0.0.0-20190311183353-d8887717615a
go: finding github.com/ugorji/go/codec v0.0.0-20181012064053-8333dd449516
go: finding honnef.co/go/tools v0.0.0-20180728063816-88497007e858
go: finding github.com/go-ini/ini v1.25.4
go: finding github.com/microcosm-cc/bluemonday v1.0.2
go: finding contrib.go.opencensus.io/exporter/prometheus v0.1.0
go: finding modernc.org/golex v1.0.0
go: finding github.com/go-logfmt/logfmt v0.3.0
go: finding github.com/coreos/etcd-operator v0.9.3
go: finding github.com/hashicorp/go-retryablehttp v0.5.3
go: finding github.com/mitchellh/go-wordwrap v1.0.0
go: finding github.com/cespare/xxhash v1.1.0
go: finding github.com/peterbourgon/diskv v2.0.1+incompatible
go: finding cloud.google.com/go v0.23.0
go: finding google.golang.org/api v0.0.0-20180603000442-8e296ef26005
go: finding github.com/muesli/termenv v0.4.0
go: finding github.com/spf13/cast v1.3.0
go: finding modernc.org/strutil v1.0.0
go: finding golang.org/x/oauth2 v0.0.0-20180821212333-d2e6202438be
go: finding modernc.org/cc v1.0.0
go: finding github.com/aws/aws-sdk-go v1.15.31
go: finding github.com/dgryski/go-sip13 v0.0.0-20181026042036-e10d5fee7954
go: finding github.com/spf13/pflag v1.0.1
go: finding github.com/jtolds/gls v4.20.0+incompatible
go: finding go.etcd.io/etcd v0.0.0-20181031231232-83304cfc808c
go: finding github.com/dlclark/regexp2 v1.1.6
go: finding github.com/mitchellh/mapstructure v1.0.0
go: finding github.com/spaolacci/murmur3 v0.0.0-20180118202830-f09979ecbc72
go: finding github.com/kr/pty v1.1.5
go: finding github.com/shurcooL/graphql v0.0.0-20180924043259-e4a3a37e6d42
go: finding github.com/hashicorp/go-cleanhttp v0.5.0
go: finding github.com/shurcooL/go v0.0.0-20180423040247-9e1955d9fb6e
go: finding github.com/prometheus/common v0.4.0
go: finding github.com/smartystreets/goconvey v1.6.4
go: finding github.com/antchfx/xpath v1.1.4
go: finding github.com/mattn/go-isatty v0.0.4
go: finding github.com/ugorji/go v1.1.1
go: finding github.com/alecthomas/assert v0.0.0-20170929043011-405dbfeb8e38
go: finding github.com/census-instrumentation/opencensus-proto v0.0.2-0.20180913191712-f303ae3f8d6a
go: finding github.com/alecthomas/repr v0.0.0-20180818092828-117648cd9897
go: finding golang.org/x/net v0.0.0-20181114220301-adae6a3d119a
go: finding github.com/julienschmidt/httprouter v1.2.0
go: finding github.com/google/goterm v0.0.0-20190703233501-fc88cf888a3f
go: finding github.com/alecthomas/kong v0.2.1-0.20190708041108-0548c6b1afae
go: finding golang.org/x/exp v0.0.0-20190312203227-4b39c73a6495
go: finding golang.org/x/sys v0.0.0-20181116152217-5ac8a444bdc5
go: finding github.com/onsi/gomega v1.4.2
go: finding golang.org/x/tools v0.0.0-20190206041539-40960b6deb8e
go: finding golang.org/x/net v0.0.0-20190827160401-ba9fcec4b297
go: finding go.opencensus.io v0.21.0
go: finding k8s.io/klog v0.0.0-20190306015804-8e90cee79f82
go: finding golang.org/x/sys v0.0.0-20181128092732-4ed8d59d0b35
go: finding github.com/alecthomas/colour v0.0.0-20160524082231-60882d9e2721
go: finding github.com/BurntSushi/xgb v0.0.0-20160522181843-27f122750802
go: finding golang.org/x/exp v0.0.0-20190125153040-c74c464bbbf2
go: finding github.com/muesli/reflow v0.1.0
go: finding github.com/mattn/go-runewidth v0.0.7
go: finding github.com/lucasb-eyer/go-colorful v1.0.3
go: finding k8s.io/utils v0.0.0-20181019225348-5e321f9a457c
go: finding github.com/mwitkow/go-conntrack v0.0.0-20161129095857-cc309e4a2223
go: finding github.com/modern-go/concurrent v0.0.0-20180306012644-bacd9c7ef1dd
go: finding github.com/prometheus/common v0.0.0-20181020173914-7e9e6cabbd39
go: finding golang.org/x/tools v0.0.0-20190312151545-0bb0c0a6e846
go: finding golang.org/x/sys v0.0.0-20190312061237-fead79001313
go: finding golang.org/x/image v0.0.0-20190227222117-0694c2d4d067
go: finding github.com/google/shlex v0.0.0-20191202100458-e7afc7fbc510
go: finding golang.org/x/mobile v0.0.0-20190312151609-d3739f865fa6
go: finding k8s.io/test-infra v0.0.0-20181019233642-2e10a0bbe9b3
go: finding github.com/go-openapi/errors v0.17.0
go: finding github.com/pierrec/lz4 v0.0.0-20181005164709-635575b42742
go: finding google.golang.org/genproto v0.0.0-20190307195333-5fe7a883aa19
go: finding github.com/OneOfOne/xxhash v1.2.2
go: finding github.com/coreos/pkg v0.0.0-20160727233714-3ac0863d7acf
go: finding golang.org/x/crypto v0.0.0-20180608092829-8ac0e0d97ce4
go: finding github.com/google/btree v0.0.0-20180124185431-e89373fe6b4a
go: finding github.com/matttproud/golang_protobuf_extensions v1.0.0
go: finding github.com/gorilla/websocket v0.0.0-20170926233335-4201258b820c
go: finding github.com/prometheus/procfs v0.0.0-20180612222113-7d6f385de8be
go: finding github.com/grpc-ecosystem/grpc-gateway v1.4.1
go: finding github.com/kr/pty v1.0.0
go: finding github.com/prometheus/client_model v0.0.0-20170216185247-6f3806018612
go: finding google.golang.org/genproto v0.0.0-20180608181217-32ee49c4dd80
go: finding github.com/mattn/go-runewidth v0.0.2
go: finding go.etcd.io/bbolt v1.3.1-etcd.7
go: finding github.com/golang/groupcache v0.0.0-20160516000752-02826c3e7903
go: finding github.com/gogo/protobuf v1.0.0
go: finding gopkg.in/cheggaaa/pb.v1 v1.0.25
go: finding github.com/dustin/go-humanize v0.0.0-20171111073723-bb3d318650d4
go: finding github.com/prometheus/common v0.0.0-20180518154759-7600349dcfe1
go: finding github.com/urfave/cli v1.18.0
go: finding github.com/tmc/grpc-websocket-proxy v0.0.0-20170815181823-89b8d40f7ca8
go: finding github.com/olekukonko/tablewriter v0.0.0-20170122224234-a0225b3f23b5
go: finding github.com/pkg/profile v1.2.1
CGO_ENABLED=0 GOOS=linux GOARCH=amd64 GO111MODULE=on go build -ldflags " -X github.com/*************/**l/pkg/version.Version=0.0.214 -X github.com/*************/**l/pkg/version.Revision='a1a7407' -X github.com/*************/**l/pkg/version.Branch='master' -X github.com/*************/**l/pkg/version.BuildDate='20200727-15:32:34' -X github.com/*************/**l/pkg/version.GoVersion='1.12.16' " -o build/linux/**l cmd/main.go
chmod +x build/linux/**l

Showing logs for build [32mrajattyagipvr-jxl-master-dgnjp-21[0m stage [32mbuild-base[0m and container [32mstep-build-and-push-base[0m
[36mINFO[0m[0000] Downloading base image 702769831180.dkr.ecr.ap-south-1.amazonaws.com/702769831180/**l-base:0.1.63 
[36mINFO[0m[0000] Error while retrieving image from cache: getting file info: stat /workspace/sha256:70a0e90003f032b597fd8602a499d9b00095bea096e2400bcc86a19cd8afe84d: no such file or directory 
[36mINFO[0m[0000] Downloading base image 702769831180.dkr.ecr.ap-south-1.amazonaws.com/702769831180/**l-base:0.1.63 
[36mINFO[0m[0001] cmd: EXPOSE                                  
[36mINFO[0m[0001] Adding exposed port: 8080/tcp                
[36mINFO[0m[0001] Using files from context: [/workspace/source/build/linux/**l] 
[36mINFO[0m[0001] Skipping unpacking as no commands require it. 
[36mINFO[0m[0001] Taking snapshot of full filesystem...        
[36mINFO[0m[0001] EXPOSE 8080                                  
[36mINFO[0m[0001] cmd: EXPOSE                                  
[36mINFO[0m[0001] Adding exposed port: 8080/tcp                
[36mINFO[0m[0001] No files changed in this command, skipping snapshotting. 
[36mINFO[0m[0001] Using files from context: [/workspace/source/build/linux/**l] 
[36mINFO[0m[0001] COPY ./build/linux/**l /usr/local/bin/**l    
[36mINFO[0m[0001] Taking snapshot of files...                  
2020/07/27 15:42:02 existing blob: sha256:524b0c1e57f8ee5fee01a1decba2f301c324a6513ca3551021264e3aa7341ebc
2020/07/27 15:42:02 pushed blob: sha256:06d157134a5da5de8e90847701f4c9cb1695ebb17ed3f4aa2c295bfc2d8bbedc
2020/07/27 15:42:03 pushed blob: sha256:5973188a15ff2e66c4b03d9189ec301066e37e85b7623b33d878857082faa71b
2020/07/27 15:42:03 pushed blob: sha256:0f74d8ab519ddde5d415e14210fbadda835ca032f5016e84c2744710648f52a7
2020/07/27 15:42:05 pushed blob: sha256:5cab01ef499ca9906c668fdcd2ba5795f469adb4090b02fe7a6626c3cb9a6613
2020/07/27 15:42:07 pushed blob: sha256:ebefc942bd7766a03479223e64c55c407be13dde063ba304bfcd55a49918501b
2020/07/27 15:42:08 pushed blob: sha256:c58cec5bfead1d5628675586df5c2df5c2fc4222aa642cacb4afbd4a5e1d5c4f
2020/07/27 15:42:10 pushed blob: sha256:bbef487e14b5187edb1de925e2c382f048a015f1b71636f0cf20ef90824ec4fd
2020/07/27 15:42:18 pushed blob: sha256:8cd0e90b493ae9a8f5bef437e5e9654eeb1d6a5eee77993cd607631b00c51cd7
2020/07/27 15:42:51 pushed blob: sha256:b60b5f8e46aa1b3d6d1107a0fc67e1d9f74436d06eac0e30b8344e0545c397c1
2020/07/27 15:42:52 702769831180.dkr.ecr.ap-south-1.amazonaws.com/702769831180/**l:0.0.214: digest: sha256:745793ebabc9f752e2b0171c6fda187ce2928f63308a0c6da374d3729e33dbf1 size: 1744

Showing logs for build [32mrajattyagipvr-jxl-master-dgnjp-21[0m stage [32mbuild-base[0m and container [32mstep-release-chart[0m
rm -rf charts
rm -rf **l-boot*.tgz
sed -i -e "s/version:.*/version: 0.0.214/" Chart.yaml
helm dependency build
helm lint
==> Linting .

1 chart(s) linted, 0 chart(s) failed
helm package .
Successfully packaged chart and saved it to: /workspace/source/charts/**l-boot/**l-boot-0.0.214.tgz
helm repo add **-labs gs://jenkinsxio-labs/charts
panic: new client: dialing: google: error getting credentials using GOOGLE_APPLICATION_CREDENTIALS environment variable: open /secrets/charts/credentials.json: no such file or directory

goroutine 1 [running]:
github.com/hayorov/helm-gcs/cmd/helm-gcs/cmd.init.4.func1()
	/Users/jamesrawlings/go/src/github.com/hayorov/helm-gcs/cmd/helm-gcs/cmd/root.go:59 +0xa8
github.com/spf13/cobra.(*Command).preRun(0xfce1a0)
	/Users/jamesrawlings/go/pkg/mod/github.com/spf13/cobra@v0.0.5/command.go:856 +0x49
github.com/spf13/cobra.(*Command).execute(0xfce1a0, 0xc00021ea00, 0x1, 0x1, 0xfce1a0, 0xc00021ea00)
	/Users/jamesrawlings/go/pkg/mod/github.com/spf13/cobra@v0.0.5/command.go:792 +0x146
github.com/spf13/cobra.(*Command).ExecuteC(0xfce920, 0xc000209f68, 0x942dfe, 0xfce920)
	/Users/jamesrawlings/go/pkg/mod/github.com/spf13/cobra@v0.0.5/command.go:914 +0x2fc
github.com/spf13/cobra.(*Command).Execute(...)
	/Users/jamesrawlings/go/pkg/mod/github.com/spf13/cobra@v0.0.5/command.go:864
github.com/hayorov/helm-gcs/cmd/helm-gcs/cmd.Execute()
	/Users/jamesrawlings/go/src/github.com/hayorov/helm-gcs/cmd/helm-gcs/cmd/root.go:48 +0x32
main.main()
	/Users/jamesrawlings/go/src/github.com/hayorov/helm-gcs/cmd/helm-gcs/main.go:26 +0x20
Error: looks like "gs://jenkinsxio-labs/charts" is not a valid chart repository or cannot be reached: plugin "scripts/pull.sh" exited with error
make: *** [release] Error 1
[31m
Pipeline failed on stage 'build-base' : container 'step-release-chart'. The execution of the pipeline has stopped.[0m
